The request edit.getAssists failed with the following error:
RequestErrorCode.PLUGIN_ERROR
A request threw the exception:Bad state: Unable to find the context to C:\dev\flutter\packages\flutter\lib\src\widgets\basic.dart
#0      AnalysisContextCollectionImpl.contextFor (package:analyzer/src/dart/analysis/analysis_context_collection.dart:176:5)
#1      _ClientAnalyzerPlugin.handleEditGetAssists (package:custom_lint_builder/src/client.dart:509:47)
<asynchronous suspension>
#2      ServerPlugin._getResponse (package:analyzer_plugin/plugin/plugin.dart:554:18)
<asynchronous suspension>
#3      ServerPlugin._onRequest (package:analyzer_plugin/plugin/plugin.dart:597:18)
<asynchronous suspension>

at:
#0      SocketCustomLintServerToClientChannel.sendCustomLintRequest.<anonymous closure> (package:custom_lint/src/v2/server_to_client_channel.dart:268:11)
#1      _$CustomLintResponseAnalyzerPluginResponseImpl.map (package:custom_lint/src/v2/protocol.freezed.dart:928:34)
#2      SocketCustomLintServerToClientChannel.sendCustomLintRequest (package:custom_lint/src/v2/server_to_client_channel.dart:262:14)
<asynchronous suspension>
#3      SocketCustomLintServerToClientChannel.sendAnalyzerPluginRequest (package:custom_lint/src/v2/server_to_client_channel.dart:234:22)
<asynchronous suspension>
#4      CustomLintServer._handleRequest.<anonymous closure>.<anonymous closure> (package:custom_lint/src/v2/custom_lint_analyzer_plugin.dart:190:17)
<asynchronous suspension>
#5      PendingOperation.run (package:custom_lint/src/async_operation.dart:22:14)
<asynchronous suspension>
#6      CustomLintServer._handleRequest (package:custom_lint/src/v2/custom_lint_analyzer_plugin.dart:173:22)
<asynchronous suspension>

The request edit.getAssists failed with the following error:
RequestErrorCode.PLUGIN_ERROR
A request threw the exception:Bad state: Unable to find the context to C:\dev\flutter\packages\flutter\lib\src\widgets\basic.dart
#0      AnalysisContextCollectionImpl.contextFor (package:analyzer/src/dart/analysis/analysis_context_collection.dart:176:5)
#1      _ClientAnalyzerPlugin.handleEditGetAssists (package:custom_lint_builder/src/client.dart:509:47)
<asynchronous suspension>
#2      ServerPlugin._getResponse (package:analyzer_plugin/plugin/plugin.dart:554:18)
<asynchronous suspension>
#3      ServerPlugin._onRequest (package:analyzer_plugin/plugin/plugin.dart:597:18)
<asynchronous suspension>

at:
#0      SocketCustomLintServerToClientChannel.sendCustomLintRequest.<anonymous closure> (package:custom_lint/src/v2/server_to_client_channel.dart:268:11)
#1      _$CustomLintResponseAnalyzerPluginResponseImpl.map (package:custom_lint/src/v2/protocol.freezed.dart:928:34)
#2      SocketCustomLintServerToClientChannel.sendCustomLintRequest (package:custom_lint/src/v2/server_to_client_channel.dart:262:14)
<asynchronous suspension>
#3      SocketCustomLintServerToClientChannel.sendAnalyzerPluginRequest (package:custom_lint/src/v2/server_to_client_channel.dart:234:22)
<asynchronous suspension>
#4      CustomLintServer._handleRequest.<anonymous closure>.<anonymous closure> (package:custom_lint/src/v2/custom_lint_analyzer_plugin.dart:190:17)
<asynchronous suspension>
#5      PendingOperation.run (package:custom_lint/src/async_operation.dart:22:14)
<asynchronous suspension>
#6      CustomLintServer._handleRequest (package:custom_lint/src/v2/custom_lint_analyzer_plugin.dart:173:22)
<asynchronous suspension>

The request edit.getAssists failed with the following error:
RequestErrorCode.PLUGIN_ERROR
A request threw the exception:Bad state: Unable to find the context to C:\dev\flutter\packages\flutter\lib\src\widgets\basic.dart
#0      AnalysisContextCollectionImpl.contextFor (package:analyzer/src/dart/analysis/analysis_context_collection.dart:176:5)
#1      _ClientAnalyzerPlugin.handleEditGetAssists (package:custom_lint_builder/src/client.dart:509:47)
<asynchronous suspension>
#2      ServerPlugin._getResponse (package:analyzer_plugin/plugin/plugin.dart:554:18)
<asynchronous suspension>
#3      ServerPlugin._onRequest (package:analyzer_plugin/plugin/plugin.dart:597:18)
<asynchronous suspension>

at:
#0      SocketCustomLintServerToClientChannel.sendCustomLintRequest.<anonymous closure> (package:custom_lint/src/v2/server_to_client_channel.dart:268:11)
#1      _$CustomLintResponseAnalyzerPluginResponseImpl.map (package:custom_lint/src/v2/protocol.freezed.dart:928:34)
#2      SocketCustomLintServerToClientChannel.sendCustomLintRequest (package:custom_lint/src/v2/server_to_client_channel.dart:262:14)
<asynchronous suspension>
#3      SocketCustomLintServerToClientChannel.sendAnalyzerPluginRequest (package:custom_lint/src/v2/server_to_client_channel.dart:234:22)
<asynchronous suspension>
#4      CustomLintServer._handleRequest.<anonymous closure>.<anonymous closure> (package:custom_lint/src/v2/custom_lint_analyzer_plugin.dart:190:17)
<asynchronous suspension>
#5      PendingOperation.run (package:custom_lint/src/async_operation.dart:22:14)
<asynchronous suspension>
#6      CustomLintServer._handleRequest (package:custom_lint/src/v2/custom_lint_analyzer_plugin.dart:173:22)
<asynchronous suspension>

The request edit.getAssists failed with the following error:
RequestErrorCode.PLUGIN_ERROR
A request threw the exception:Bad state: Unable to find the context to C:\Users\EDY\AppData\Local\Pub\Cache\hosted\pub.dev\go_router-13.2.5\lib\src\route.dart
#0      AnalysisContextCollectionImpl.contextFor (package:analyzer/src/dart/analysis/analysis_context_collection.dart:176:5)
#1      _ClientAnalyzerPlugin.handleEditGetAssists (package:custom_lint_builder/src/client.dart:509:47)
<asynchronous suspension>
#2      ServerPlugin._getResponse (package:analyzer_plugin/plugin/plugin.dart:554:18)
<asynchronous suspension>
#3      ServerPlugin._onRequest (package:analyzer_plugin/plugin/plugin.dart:597:18)
<asynchronous suspension>

at:
#0      SocketCustomLintServerToClientChannel.sendCustomLintRequest.<anonymous closure> (package:custom_lint/src/v2/server_to_client_channel.dart:268:11)
#1      _$CustomLintResponseAnalyzerPluginResponseImpl.map (package:custom_lint/src/v2/protocol.freezed.dart:928:34)
#2      SocketCustomLintServerToClientChannel.sendCustomLintRequest (package:custom_lint/src/v2/server_to_client_channel.dart:262:14)
<asynchronous suspension>
#3      SocketCustomLintServerToClientChannel.sendAnalyzerPluginRequest (package:custom_lint/src/v2/server_to_client_channel.dart:234:22)
<asynchronous suspension>
#4      CustomLintServer._handleRequest.<anonymous closure>.<anonymous closure> (package:custom_lint/src/v2/custom_lint_analyzer_plugin.dart:190:17)
<asynchronous suspension>
#5      PendingOperation.run (package:custom_lint/src/async_operation.dart:22:14)
<asynchronous suspension>
#6      CustomLintServer._handleRequest (package:custom_lint/src/v2/custom_lint_analyzer_plugin.dart:173:22)
<asynchronous suspension>

The request edit.getAssists failed with the following error:
RequestErrorCode.PLUGIN_ERROR
A request threw the exception:Bad state: Unable to find the context to C:\dev\flutter\packages\flutter\lib\src\widgets\bottom_navigation_bar_item.dart
#0      AnalysisContextCollectionImpl.contextFor (package:analyzer/src/dart/analysis/analysis_context_collection.dart:176:5)
#1      _ClientAnalyzerPlugin.handleEditGetAssists (package:custom_lint_builder/src/client.dart:509:47)
<asynchronous suspension>
#2      ServerPlugin._getResponse (package:analyzer_plugin/plugin/plugin.dart:554:18)
<asynchronous suspension>
#3      ServerPlugin._onRequest (package:analyzer_plugin/plugin/plugin.dart:597:18)
<asynchronous suspension>

at:
#0      SocketCustomLintServerToClientChannel.sendCustomLintRequest.<anonymous closure> (package:custom_lint/src/v2/server_to_client_channel.dart:268:11)
#1      _$CustomLintResponseAnalyzerPluginResponseImpl.map (package:custom_lint/src/v2/protocol.freezed.dart:928:34)
#2      SocketCustomLintServerToClientChannel.sendCustomLintRequest (package:custom_lint/src/v2/server_to_client_channel.dart:262:14)
<asynchronous suspension>
#3      SocketCustomLintServerToClientChannel.sendAnalyzerPluginRequest (package:custom_lint/src/v2/server_to_client_channel.dart:234:22)
<asynchronous suspension>
#4      CustomLintServer._handleRequest.<anonymous closure>.<anonymous closure> (package:custom_lint/src/v2/custom_lint_analyzer_plugin.dart:190:17)
<asynchronous suspension>
#5      PendingOperation.run (package:custom_lint/src/async_operation.dart:22:14)
<asynchronous suspension>
#6      CustomLintServer._handleRequest (package:custom_lint/src/v2/custom_lint_analyzer_plugin.dart:173:22)
<asynchronous suspension>

[WrapWithConsumer] 2025-06-13T18:01:31.252181 Plugin WrapWithConsumer threw while analyzing E:\flutterProject\example\lib\features\scaffolds\mainScaffold.dart:
[WrapWithConsumer] 2025-06-13T18:01:31.252181 InconsistentAnalysisException: Requested result might be inconsistent with previously returned results
[WrapWithConsumer] 2025-06-13T18:01:31.252181
[WrapWithConsumer] 2025-06-13T18:01:31.252181 #0      AnalysisSessionImpl.checkConsistency (package:analyzer/src/dart/analysis/session.dart:59:7)
[WrapWithConsumer] 2025-06-13T18:01:31.252181 #1      AnalysisSessionImpl.getResolvedUnit (package:analyzer/src/dart/analysis/session.dart:160:5)
[WrapWithConsumer] 2025-06-13T18:01:31.252181 #2      ChangeBuilderImpl._createDartFileEditBuilder (package:analyzer_plugin/src/utilities/change_builder/change_builder_core.dart:321:33)
[WrapWithConsumer] 2025-06-13T18:01:31.252181 #3      ChangeBuilderImpl.addDartFileEdit (package:analyzer_plugin/src/utilities/change_builder/change_builder_core.dart:154:23)
[WrapWithConsumer] 2025-06-13T18:01:31.252181 #4      ChangeBuilderImpl.addDartFileEdit.<anonymous closure> (package:custom_lint_core/src/change_reporter.dart:241:35)
[WrapWithConsumer] 2025-06-13T18:01:31.252181 #5      new Future.<anonymous closure> (dart:async/future.dart:260:40)
[WrapWithConsumer] 2025-06-13T18:01:31.252181 #6      _rootRun (dart:async/zone.dart:1517:47)
[WrapWithConsumer] 2025-06-13T18:01:31.252181 #7      _CustomZone.run (dart:async/zone.dart:1422:19)
[WrapWithConsumer] 2025-06-13T18:01:31.252181 #8      _CustomZone.runGuarded (dart:async/zone.dart:1321:7)
[WrapWithConsumer] 2025-06-13T18:01:31.252181 #9      _CustomZone.bindCallbackGuarded.<anonymous closure> (dart:async/zone.dart:1362:23)
[WrapWithConsumer] 2025-06-13T18:01:31.252181 #10     _rootRun (dart:async/zone.dart:1525:13)
[WrapWithConsumer] 2025-06-13T18:01:31.252181 #11     _CustomZone.run (dart:async/zone.dart:1422:19)
[WrapWithConsumer] 2025-06-13T18:01:31.252181 #12     _CustomZone.bindCallback.<anonymous closure> (dart:async/zone.dart:1345:23)
[WrapWithConsumer] 2025-06-13T18:01:31.252181 #13     Timer._createTimer.<anonymous closure> (dart:async-patch/timer_patch.dart:18:15)
[WrapWithConsumer] 2025-06-13T18:01:31.252181 #14     _Timer._runTimers (dart:isolate-patch/timer_impl.dart:410:19)
[WrapWithConsumer] 2025-06-13T18:01:31.252181 #15     _Timer._handleMessage (dart:isolate-patch/timer_impl.dart:441:5)
[WrapWithConsumer] 2025-06-13T18:01:31.252181 #16     _RawReceivePort._handleMessage (dart:isolate-patch/isolate_patch.dart:193:12)
[WrapWithConsumer] 2025-06-13T18:01:31.252181
[WrapWithProviderScope] 2025-06-13T18:01:31.267800 Plugin WrapWithProviderScope threw while analyzing E:\flutterProject\example\lib\features\scaffolds\mainScaffold.dart:
[WrapWithProviderScope] 2025-06-13T18:01:31.267800 InconsistentAnalysisException: Requested result might be inconsistent with previously returned results
[WrapWithProviderScope] 2025-06-13T18:01:31.267800
[WrapWithProviderScope] 2025-06-13T18:01:31.267800 #0      AnalysisSessionImpl.checkConsistency (package:analyzer/src/dart/analysis/session.dart:59:7)
[WrapWithProviderScope] 2025-06-13T18:01:31.267800 #1      AnalysisSessionImpl.getResolvedUnit (package:analyzer/src/dart/analysis/session.dart:160:5)
[WrapWithProviderScope] 2025-06-13T18:01:31.267800 #2      ChangeBuilderImpl._createDartFileEditBuilder (package:analyzer_plugin/src/utilities/change_builder/change_builder_core.dart:321:33)
[WrapWithProviderScope] 2025-06-13T18:01:31.267800 #3      ChangeBuilderImpl.addDartFileEdit (package:analyzer_plugin/src/utilities/change_builder/change_builder_core.dart:154:23)
[WrapWithProviderScope] 2025-06-13T18:01:31.267800 #4      ChangeBuilderImpl.addDartFileEdit.<anonymous closure> (package:custom_lint_core/src/change_reporter.dart:241:35)
[WrapWithProviderScope] 2025-06-13T18:01:31.267800 #5      new Future.<anonymous closure> (dart:async/future.dart:260:40)
[WrapWithProviderScope] 2025-06-13T18:01:31.267800 #6      _rootRun (dart:async/zone.dart:1517:47)
[WrapWithProviderScope] 2025-06-13T18:01:31.267800 #7      _CustomZone.run (dart:async/zone.dart:1422:19)
[WrapWithProviderScope] 2025-06-13T18:01:31.267800 #8      _CustomZone.runGuarded (dart:async/zone.dart:1321:7)
[WrapWithProviderScope] 2025-06-13T18:01:31.267800 #9      _CustomZone.bindCallbackGuarded.<anonymous closure> (dart:async/zone.dart:1362:23)
[WrapWithProviderScope] 2025-06-13T18:01:31.267800 #10     _rootRun (dart:async/zone.dart:1525:13)
[WrapWithProviderScope] 2025-06-13T18:01:31.267800 #11     _CustomZone.run (dart:async/zone.dart:1422:19)
[WrapWithProviderScope] 2025-06-13T18:01:31.267800 #12     _CustomZone.bindCallback.<anonymous closure> (dart:async/zone.dart:1345:23)
[WrapWithProviderScope] 2025-06-13T18:01:31.267800 #13     Timer._createTimer.<anonymous closure> (dart:async-patch/timer_patch.dart:18:15)
[WrapWithProviderScope] 2025-06-13T18:01:31.267800 #14     _Timer._runTimers (dart:isolate-patch/timer_impl.dart:410:19)
[WrapWithProviderScope] 2025-06-13T18:01:31.267800 #15     _Timer._handleMessage (dart:isolate-patch/timer_impl.dart:441:5)
[WrapWithProviderScope] 2025-06-13T18:01:31.267800 #16     _RawReceivePort._handleMessage (dart:isolate-patch/isolate_patch.dart:193:12)
[WrapWithProviderScope] 2025-06-13T18:01:31.267800
The request edit.getAssists failed with the following error:
RequestErrorCode.PLUGIN_ERROR
A request threw the exception:Bad state: Unable to find the context to C:\Users\EDY\AppData\Local\Pub\Cache\hosted\pub.dev\persistent_bottom_nav_bar_v2-5.2.3\lib\models\configs.dart
#0      AnalysisContextCollectionImpl.contextFor (package:analyzer/src/dart/analysis/analysis_context_collection.dart:176:5)
#1      _ClientAnalyzerPlugin.handleEditGetAssists (package:custom_lint_builder/src/client.dart:509:47)
<asynchronous suspension>
#2      ServerPlugin._getResponse (package:analyzer_plugin/plugin/plugin.dart:554:18)
<asynchronous suspension>
#3      ServerPlugin._onRequest (package:analyzer_plugin/plugin/plugin.dart:597:18)
<asynchronous suspension>

at:
#0      SocketCustomLintServerToClientChannel.sendCustomLintRequest.<anonymous closure> (package:custom_lint/src/v2/server_to_client_channel.dart:268:11)
#1      _$CustomLintResponseAnalyzerPluginResponseImpl.map (package:custom_lint/src/v2/protocol.freezed.dart:928:34)
#2      SocketCustomLintServerToClientChannel.sendCustomLintRequest (package:custom_lint/src/v2/server_to_client_channel.dart:262:14)
<asynchronous suspension>
#3      SocketCustomLintServerToClientChannel.sendAnalyzerPluginRequest (package:custom_lint/src/v2/server_to_client_channel.dart:234:22)
<asynchronous suspension>
#4      CustomLintServer._handleRequest.<anonymous closure>.<anonymous closure> (package:custom_lint/src/v2/custom_lint_analyzer_plugin.dart:190:17)
<asynchronous suspension>
#5      PendingOperation.run (package:custom_lint/src/async_operation.dart:22:14)
<asynchronous suspension>
#6      CustomLintServer._handleRequest (package:custom_lint/src/v2/custom_lint_analyzer_plugin.dart:173:22)
<asynchronous suspension>

[WrapWithConsumer] 2025-06-13T18:09:21.503069 Plugin WrapWithConsumer threw while analyzing E:\flutterProject\example\lib\main.dart:
[WrapWithConsumer] 2025-06-13T18:09:21.503069 InconsistentAnalysisException: Requested result might be inconsistent with previously returned results
[WrapWithConsumer] 2025-06-13T18:09:21.503069
[WrapWithConsumer] 2025-06-13T18:09:21.503069 #0      AnalysisSessionImpl.checkConsistency (package:analyzer/src/dart/analysis/session.dart:59:7)
[WrapWithConsumer] 2025-06-13T18:09:21.503069 #1      AnalysisSessionImpl.getResolvedUnit (package:analyzer/src/dart/analysis/session.dart:160:5)
[WrapWithConsumer] 2025-06-13T18:09:21.503069 #2      ChangeBuilderImpl._createDartFileEditBuilder (package:analyzer_plugin/src/utilities/change_builder/change_builder_core.dart:321:33)
[WrapWithConsumer] 2025-06-13T18:09:21.503069 #3      ChangeBuilderImpl.addDartFileEdit (package:analyzer_plugin/src/utilities/change_builder/change_builder_core.dart:154:23)
[WrapWithConsumer] 2025-06-13T18:09:21.503069 #4      ChangeBuilderImpl.addDartFileEdit.<anonymous closure> (package:custom_lint_core/src/change_reporter.dart:241:35)
[WrapWithConsumer] 2025-06-13T18:09:21.503069 #5      new Future.<anonymous closure> (dart:async/future.dart:260:40)
[WrapWithConsumer] 2025-06-13T18:09:21.503069 #6      _rootRun (dart:async/zone.dart:1517:47)
[WrapWithConsumer] 2025-06-13T18:09:21.503069 #7      _CustomZone.run (dart:async/zone.dart:1422:19)
[WrapWithConsumer] 2025-06-13T18:09:21.503069 #8      _CustomZone.runGuarded (dart:async/zone.dart:1321:7)
[WrapWithConsumer] 2025-06-13T18:09:21.503069 #9      _CustomZone.bindCallbackGuarded.<anonymous closure> (dart:async/zone.dart:1362:23)
[WrapWithConsumer] 2025-06-13T18:09:21.503069 #10     _rootRun (dart:async/zone.dart:1525:13)
[WrapWithConsumer] 2025-06-13T18:09:21.503069 #11     _CustomZone.run (dart:async/zone.dart:1422:19)
[WrapWithConsumer] 2025-06-13T18:09:21.503069 #12     _CustomZone.bindCallback.<anonymous closure> (dart:async/zone.dart:1345:23)
[WrapWithConsumer] 2025-06-13T18:09:21.503069 #13     Timer._createTimer.<anonymous closure> (dart:async-patch/timer_patch.dart:18:15)
[WrapWithConsumer] 2025-06-13T18:09:21.503069 #14     _Timer._runTimers (dart:isolate-patch/timer_impl.dart:410:19)
[WrapWithConsumer] 2025-06-13T18:09:21.503069 #15     _Timer._handleMessage (dart:isolate-patch/timer_impl.dart:441:5)
[WrapWithConsumer] 2025-06-13T18:09:21.503069 #16     _RawReceivePort._handleMessage (dart:isolate-patch/isolate_patch.dart:193:12)
[WrapWithConsumer] 2025-06-13T18:09:21.503069
[WrapWithProviderScope] 2025-06-13T18:09:21.505062 Plugin WrapWithProviderScope threw while analyzing E:\flutterProject\example\lib\main.dart:
[WrapWithProviderScope] 2025-06-13T18:09:21.505062 InconsistentAnalysisException: Requested result might be inconsistent with previously returned results
[WrapWithProviderScope] 2025-06-13T18:09:21.505062
[WrapWithProviderScope] 2025-06-13T18:09:21.505062 #0      AnalysisSessionImpl.checkConsistency (package:analyzer/src/dart/analysis/session.dart:59:7)
[WrapWithProviderScope] 2025-06-13T18:09:21.505062 #1      AnalysisSessionImpl.getResolvedUnit (package:analyzer/src/dart/analysis/session.dart:160:5)
[WrapWithProviderScope] 2025-06-13T18:09:21.505062 #2      ChangeBuilderImpl._createDartFileEditBuilder (package:analyzer_plugin/src/utilities/change_builder/change_builder_core.dart:321:33)
[WrapWithProviderScope] 2025-06-13T18:09:21.505062 #3      ChangeBuilderImpl.addDartFileEdit (package:analyzer_plugin/src/utilities/change_builder/change_builder_core.dart:154:23)
[WrapWithProviderScope] 2025-06-13T18:09:21.505062 #4      ChangeBuilderImpl.addDartFileEdit.<anonymous closure> (package:custom_lint_core/src/change_reporter.dart:241:35)
[WrapWithProviderScope] 2025-06-13T18:09:21.505062 #5      new Future.<anonymous closure> (dart:async/future.dart:260:40)
[WrapWithProviderScope] 2025-06-13T18:09:21.505062 #6      _rootRun (dart:async/zone.dart:1517:47)
[WrapWithProviderScope] 2025-06-13T18:09:21.505062 #7      _CustomZone.run (dart:async/zone.dart:1422:19)
[WrapWithProviderScope] 2025-06-13T18:09:21.505062 #8      _CustomZone.runGuarded (dart:async/zone.dart:1321:7)
[WrapWithProviderScope] 2025-06-13T18:09:21.505062 #9      _CustomZone.bindCallbackGuarded.<anonymous closure> (dart:async/zone.dart:1362:23)
[WrapWithProviderScope] 2025-06-13T18:09:21.505062 #10     _rootRun (dart:async/zone.dart:1525:13)
[WrapWithProviderScope] 2025-06-13T18:09:21.505062 #11     _CustomZone.run (dart:async/zone.dart:1422:19)
[WrapWithProviderScope] 2025-06-13T18:09:21.505062 #12     _CustomZone.bindCallback.<anonymous closure> (dart:async/zone.dart:1345:23)
[WrapWithProviderScope] 2025-06-13T18:09:21.505062 #13     Timer._createTimer.<anonymous closure> (dart:async-patch/timer_patch.dart:18:15)
[WrapWithProviderScope] 2025-06-13T18:09:21.505062 #14     _Timer._runTimers (dart:isolate-patch/timer_impl.dart:410:19)
[WrapWithProviderScope] 2025-06-13T18:09:21.505062 #15     _Timer._handleMessage (dart:isolate-patch/timer_impl.dart:441:5)
[WrapWithProviderScope] 2025-06-13T18:09:21.505062 #16     _RawReceivePort._handleMessage (dart:isolate-patch/isolate_patch.dart:193:12)
[WrapWithProviderScope] 2025-06-13T18:09:21.505062
